<?xml version="1.0" encoding="UTF-8"?>
<!-- Generated by org.testng.reporters.JUnitReportReporter -->
<testsuite hostname="DESKTOP-QNHJ5Q7" name="day8.testNgexample" tests="4" failures="0" timestamp="30 Nov 2022 06:15:12 GMT" time="0.016" errors="0">
  <testcase name="logout" time="0.000" classname="day8.testNgexample"/>
  <testcase name="login" time="0.016" classname="day8.testNgexample"/>
  <testcase name="payment" time="0.000" classname="day8.testNgexample"/>
  <testcase name="addItems" time="0.000" classname="day8.testNgexample"/>
</testsuite> <!-- day8.testNgexample -->
