<?xml version="1.0" encoding="UTF-8"?>
<!-- Generated by org.testng.reporters.JUnitReportReporter -->
<testsuite hostname="DESKTOP-QNHJ5Q7" name="day8.DropDownHandle" tests="1" failures="0" timestamp="1 Dec 2022 06:39:32 GMT" time="4.430" errors="0">
  <testcase name="handlelist2" time="4.430" classname="day8.DropDownHandle"/>
</testsuite> <!-- day8.DropDownHandle -->
