<?xml version="1.0" encoding="UTF-8"?>
<!-- Generated by org.testng.reporters.JUnitReportReporter -->
<testsuite hostname="DESKTOP-QNHJ5Q7" name="day5.selenium.BlueTest2" tests="1" failures="0" timestamp="28 Nov 2022 05:39:17 GMT" time="27.892" errors="0">
  <testcase name="blue" time="27.892" classname="day5.selenium.BlueTest2"/>
</testsuite> <!-- day5.selenium.BlueTest2 -->
