<?xml version="1.0" encoding="UTF-8"?>
<!-- Generated by org.testng.reporters.JUnitReportReporter -->
<testsuite hostname="DESKTOP-QNHJ5Q7" name="dttdata.NOPCommLoginTest" tests="4" failures="0" timestamp="7 Dec 2022 06:24:43 GMT" time="39.366" errors="0">
  <testcase name="verifyLoginWithInValidUser" time="9.865" classname="dttdata.NOPCommLoginTest"/>
  <testcase name="verifyLoginWithInValidUser" time="9.817" classname="dttdata.NOPCommLoginTest"/>
  <testcase name="verifyLoginWithInValidUser" time="9.814" classname="dttdata.NOPCommLoginTest"/>
  <testcase name="verifyLoginWithInValidUser" time="9.870" classname="dttdata.NOPCommLoginTest"/>
</testsuite> <!-- dttdata.NOPCommLoginTest -->
