<?xml version="1.0" encoding="UTF-8"?>
<!-- Generated by org.testng.reporters.JUnitReportReporter -->
<testsuite hostname="DESKTOP-H0PI4DT" failures="0" tests="1" name="excelFileExample.RegisterStudentExcelTest" time="207.679" errors="0" timestamp="2022-12-07T12:42:02 IST" skipped="0">
  <testcase classname="excelFileExample.RegisterStudentExcelTest" name="RegistrationDataDrivernTest" time="207.679"/>
  <system-out/>
</testsuite> <!-- excelFileExample.RegisterStudentExcelTest -->
