<?xml version="1.0" encoding="UTF-8"?>
<!-- Generated by org.testng.reporters.JUnitReportReporter -->
<testsuite hostname="DESKTOP-QNHJ5Q7" name="utility1.RegisterStudentExcelTest" tests="1" failures="0" timestamp="7 Dec 2022 07:32:11 GMT" time="202.143" errors="0">
  <testcase name="RegistrationDataDrivernTest" time="202.143" classname="utility1.RegisterStudentExcelTest"/>
</testsuite> <!-- utility1.RegisterStudentExcelTest -->
