<?xml version="1.0" encoding="UTF-8"?>
<!-- Generated by org.testng.reporters.JUnitReportReporter -->
<testsuite hostname="DESKTOP-QNHJ5Q7" name="ExtendReport.GoogleTest" tests="2" failures="0" timestamp="6 Dec 2022 06:37:15 GMT" time="0.031" errors="0">
  <testcase name="verifyApplicationTitle" time="0.000" classname="ExtendReport.GoogleTest"/>
  <testcase name="verifyApplicationLogo" time="0.031" classname="ExtendReport.GoogleTest"/>
</testsuite> <!-- ExtendReport.GoogleTest -->
