<?xml version="1.0" encoding="UTF-8"?>
<!-- Generated by org.testng.reporters.JUnitReportReporter -->
<testsuite hostname="DESKTOP-QNHJ5Q7" name="day5.selenium.assignment" tests="1" failures="0" timestamp="2 Dec 2022 13:53:31 GMT" time="41.019" errors="0">
  <testcase name="opc" time="41.019" classname="day5.selenium.assignment"/>
</testsuite> <!-- day5.selenium.assignment -->
