<?xml version="1.0" encoding="UTF-8"?>
<!-- Generated by org.testng.reporters.JUnitReportReporter -->
<testsuite skipped="0" hostname="DESKTOP-QNHJ5Q7" name="ddtNopCom.NOPCommLoginTest" tests="4" failures="0" timestamp="2022-12-11T21:32:48 PST" time="39.609" errors="0">
  <testcase name="verifyLoginWithInValidUser" time="9.763" classname="ddtNopCom.NOPCommLoginTest"/>
  <system-out/>
  <testcase name="verifyLoginWithInValidUser" time="10.423" classname="ddtNopCom.NOPCommLoginTest"/>
  <system-out/>
  <testcase name="verifyLoginWithInValidUser" time="9.706" classname="ddtNopCom.NOPCommLoginTest"/>
  <system-out/>
  <testcase name="verifyLoginWithInValidUser" time="9.717" classname="ddtNopCom.NOPCommLoginTest"/>
  <system-out/>
</testsuite> <!-- ddtNopCom.NOPCommLoginTest -->
